mode: count
github.com/digitorus/pkcs7/decrypt.go:24.90,26.9 2 16
github.com/digitorus/pkcs7/decrypt.go:29.2,30.35 2 16
github.com/digitorus/pkcs7/decrypt.go:33.2,33.29 1 16
github.com/digitorus/pkcs7/decrypt.go:42.2,42.37 1 0
github.com/digitorus/pkcs7/decrypt.go:26.9,28.3 1 0
github.com/digitorus/pkcs7/decrypt.go:30.35,32.3 1 0
github.com/digitorus/pkcs7/decrypt.go:34.23,37.17 3 16
github.com/digitorus/pkcs7/decrypt.go:40.3,40.55 1 16
github.com/digitorus/pkcs7/decrypt.go:37.17,39.4 1 0
github.com/digitorus/pkcs7/decrypt.go:47.62,49.9 2 2
github.com/digitorus/pkcs7/decrypt.go:52.2,52.47 1 2
github.com/digitorus/pkcs7/decrypt.go:49.9,51.3 1 0
github.com/digitorus/pkcs7/decrypt.go:55.69,62.47 2 18
github.com/digitorus/pkcs7/decrypt.go:69.2,70.37 2 18
github.com/digitorus/pkcs7/decrypt.go:88.2,91.9 3 18
github.com/digitorus/pkcs7/decrypt.go:102.2,102.16 1 18
github.com/digitorus/pkcs7/decrypt.go:106.2,106.94 1 18
github.com/digitorus/pkcs7/decrypt.go:135.2,136.34 2 11
github.com/digitorus/pkcs7/decrypt.go:139.2,142.69 4 11
github.com/digitorus/pkcs7/decrypt.go:145.2,145.23 1 11
github.com/digitorus/pkcs7/decrypt.go:62.47,65.3 2 0
github.com/digitorus/pkcs7/decrypt.go:70.37,74.7 3 17
github.com/digitorus/pkcs7/decrypt.go:82.3,82.27 1 17
github.com/digitorus/pkcs7/decrypt.go:74.7,78.26 4 34
github.com/digitorus/pkcs7/decrypt.go:78.26,79.10 1 17
github.com/digitorus/pkcs7/decrypt.go:83.8,86.3 1 1
github.com/digitorus/pkcs7/decrypt.go:92.47,93.34 1 4
github.com/digitorus/pkcs7/decrypt.go:94.51,95.43 1 1
github.com/digitorus/pkcs7/decrypt.go:96.94,97.14 1 6
github.com/digitorus/pkcs7/decrypt.go:98.94,99.34 1 13
github.com/digitorus/pkcs7/decrypt.go:102.16,104.3 1 0
github.com/digitorus/pkcs7/decrypt.go:106.94,111.17 4 7
github.com/digitorus/pkcs7/decrypt.go:115.3,116.17 2 7
github.com/digitorus/pkcs7/decrypt.go:120.3,120.43 1 7
github.com/digitorus/pkcs7/decrypt.go:123.3,123.38 1 7
github.com/digitorus/pkcs7/decrypt.go:127.3,128.17 2 7
github.com/digitorus/pkcs7/decrypt.go:132.3,132.24 1 7
github.com/digitorus/pkcs7/decrypt.go:111.17,113.4 1 0
github.com/digitorus/pkcs7/decrypt.go:116.17,118.4 1 0
github.com/digitorus/pkcs7/decrypt.go:120.43,122.4 1 0
github.com/digitorus/pkcs7/decrypt.go:123.38,125.4 1 0
github.com/digitorus/pkcs7/decrypt.go:128.17,130.4 1 0
github.com/digitorus/pkcs7/decrypt.go:136.34,138.3 1 0
github.com/digitorus/pkcs7/decrypt.go:142.69,144.3 1 0
github.com/digitorus/pkcs7/decrypt.go:148.55,149.18 1 11
github.com/digitorus/pkcs7/decrypt.go:152.2,152.47 1 11
github.com/digitorus/pkcs7/decrypt.go:157.2,161.30 3 11
github.com/digitorus/pkcs7/decrypt.go:167.2,167.37 1 11
github.com/digitorus/pkcs7/decrypt.go:149.18,151.3 1 0
github.com/digitorus/pkcs7/decrypt.go:152.47,154.3 1 0
github.com/digitorus/pkcs7/decrypt.go:161.30,162.30 1 100
github.com/digitorus/pkcs7/decrypt.go:162.30,164.4 1 0
github.com/digitorus/pkcs7/decrypt.go:170.102,171.34 1 16
github.com/digitorus/pkcs7/decrypt.go:176.2,176.24 1 0
github.com/digitorus/pkcs7/decrypt.go:171.34,172.70 1 16
github.com/digitorus/pkcs7/decrypt.go:172.70,174.4 1 16
github.com/digitorus/pkcs7/encrypt.go:80.87,83.36 3 7
github.com/digitorus/pkcs7/encrypt.go:93.2,93.16 1 7
github.com/digitorus/pkcs7/encrypt.go:104.2,107.16 3 7
github.com/digitorus/pkcs7/encrypt.go:112.2,113.16 2 7
github.com/digitorus/pkcs7/encrypt.go:117.2,118.16 2 7
github.com/digitorus/pkcs7/encrypt.go:122.2,131.16 4 7
github.com/digitorus/pkcs7/encrypt.go:135.2,147.23 2 7
github.com/digitorus/pkcs7/encrypt.go:84.36,86.42 2 4
github.com/digitorus/pkcs7/encrypt.go:87.36,89.42 2 3
github.com/digitorus/pkcs7/encrypt.go:90.10,91.117 1 0
github.com/digitorus/pkcs7/encrypt.go:93.16,98.17 3 6
github.com/digitorus/pkcs7/encrypt.go:98.17,100.4 1 0
github.com/digitorus/pkcs7/encrypt.go:107.16,109.3 1 0
github.com/digitorus/pkcs7/encrypt.go:113.16,115.3 1 0
github.com/digitorus/pkcs7/encrypt.go:118.16,120.3 1 0
github.com/digitorus/pkcs7/encrypt.go:131.16,133.3 1 0
github.com/digitorus/pkcs7/encrypt.go:150.87,151.16 1 4
github.com/digitorus/pkcs7/encrypt.go:162.2,164.16 3 4
github.com/digitorus/pkcs7/encrypt.go:169.2,170.16 2 4
github.com/digitorus/pkcs7/encrypt.go:173.2,175.16 3 4
github.com/digitorus/pkcs7/encrypt.go:178.2,191.23 4 4
github.com/digitorus/pkcs7/encrypt.go:151.16,156.17 3 3
github.com/digitorus/pkcs7/encrypt.go:156.17,158.4 1 0
github.com/digitorus/pkcs7/encrypt.go:164.16,166.3 1 0
github.com/digitorus/pkcs7/encrypt.go:170.16,172.3 1 0
github.com/digitorus/pkcs7/encrypt.go:175.16,177.3 1 0
github.com/digitorus/pkcs7/encrypt.go:194.87,197.36 3 6
github.com/digitorus/pkcs7/encrypt.go:208.2,208.16 1 6
github.com/digitorus/pkcs7/encrypt.go:219.2,221.16 3 6
github.com/digitorus/pkcs7/encrypt.go:226.2,227.16 2 6
github.com/digitorus/pkcs7/encrypt.go:230.2,232.16 3 6
github.com/digitorus/pkcs7/encrypt.go:235.2,248.23 4 6
github.com/digitorus/pkcs7/encrypt.go:198.36,200.42 2 3
github.com/digitorus/pkcs7/encrypt.go:201.36,203.42 2 3
github.com/digitorus/pkcs7/encrypt.go:204.10,205.117 1 0
github.com/digitorus/pkcs7/encrypt.go:208.16,213.17 3 6
github.com/digitorus/pkcs7/encrypt.go:213.17,215.4 1 0
github.com/digitorus/pkcs7/encrypt.go:221.16,223.3 1 0
github.com/digitorus/pkcs7/encrypt.go:227.16,229.3 1 0
github.com/digitorus/pkcs7/encrypt.go:232.16,234.3 1 0
github.com/digitorus/pkcs7/encrypt.go:262.78,268.36 4 15
github.com/digitorus/pkcs7/encrypt.go:284.2,284.16 1 15
github.com/digitorus/pkcs7/encrypt.go:289.2,290.39 2 15
github.com/digitorus/pkcs7/encrypt.go:311.2,317.16 3 15
github.com/digitorus/pkcs7/encrypt.go:322.2,327.30 2 15
github.com/digitorus/pkcs7/encrypt.go:269.33,270.46 1 3
github.com/digitorus/pkcs7/encrypt.go:271.36,272.14 1 3
github.com/digitorus/pkcs7/encrypt.go:273.36,274.46 1 6
github.com/digitorus/pkcs7/encrypt.go:275.36,276.14 1 3
github.com/digitorus/pkcs7/encrypt.go:277.36,278.46 1 6
github.com/digitorus/pkcs7/encrypt.go:280.10,281.48 1 0
github.com/digitorus/pkcs7/encrypt.go:284.16,286.3 1 0
github.com/digitorus/pkcs7/encrypt.go:290.39,292.17 2 15
github.com/digitorus/pkcs7/encrypt.go:295.3,296.17 2 15
github.com/digitorus/pkcs7/encrypt.go:299.3,307.27 2 15
github.com/digitorus/pkcs7/encrypt.go:292.17,294.4 1 0
github.com/digitorus/pkcs7/encrypt.go:296.17,298.4 1 0
github.com/digitorus/pkcs7/encrypt.go:317.16,319.3 1 0
github.com/digitorus/pkcs7/encrypt.go:332.66,336.16 3 2
github.com/digitorus/pkcs7/encrypt.go:341.2,341.36 1 2
github.com/digitorus/pkcs7/encrypt.go:354.2,354.16 1 2
github.com/digitorus/pkcs7/encrypt.go:359.2,364.16 3 2
github.com/digitorus/pkcs7/encrypt.go:369.2,374.30 2 2
github.com/digitorus/pkcs7/encrypt.go:336.16,338.3 1 0
github.com/digitorus/pkcs7/encrypt.go:342.33,343.44 1 1
github.com/digitorus/pkcs7/encrypt.go:345.36,346.14 1 1
github.com/digitorus/pkcs7/encrypt.go:347.36,348.44 1 1
github.com/digitorus/pkcs7/encrypt.go:350.10,351.48 1 0
github.com/digitorus/pkcs7/encrypt.go:354.16,356.3 1 0
github.com/digitorus/pkcs7/encrypt.go:364.16,366.3 1 0
github.com/digitorus/pkcs7/encrypt.go:377.60,380.2 2 17
github.com/digitorus/pkcs7/encrypt.go:382.74,383.61 1 15
github.com/digitorus/pkcs7/encrypt.go:386.2,386.37 1 0
github.com/digitorus/pkcs7/encrypt.go:383.61,385.3 1 15
github.com/digitorus/pkcs7/encrypt.go:389.53,390.18 1 12
github.com/digitorus/pkcs7/encrypt.go:393.2,394.17 2 12
github.com/digitorus/pkcs7/encrypt.go:397.2,398.34 2 12
github.com/digitorus/pkcs7/encrypt.go:390.18,392.3 1 0
github.com/digitorus/pkcs7/encrypt.go:394.17,396.3 1 0
github.com/digitorus/pkcs7/pkcs7.go:88.68,89.9 1 1078
github.com/digitorus/pkcs7/pkcs7.go:101.2,101.48 1 1
github.com/digitorus/pkcs7/pkcs7.go:92.40,93.26 1 88
github.com/digitorus/pkcs7/pkcs7.go:94.85,95.28 1 442
github.com/digitorus/pkcs7/pkcs7.go:96.85,97.28 1 130
github.com/digitorus/pkcs7/pkcs7.go:98.85,99.28 1 417
github.com/digitorus/pkcs7/pkcs7.go:106.106,107.19 1 507
github.com/digitorus/pkcs7/pkcs7.go:117.2,117.85 1 0
github.com/digitorus/pkcs7/pkcs7.go:108.44,109.37 1 0
github.com/digitorus/pkcs7/pkcs7.go:110.48,111.39 1 212
github.com/digitorus/pkcs7/pkcs7.go:112.48,113.39 1 70
github.com/digitorus/pkcs7/pkcs7.go:114.66,115.39 1 225
github.com/digitorus/pkcs7/pkcs7.go:122.127,124.8 2 511
github.com/digitorus/pkcs7/pkcs7.go:128.2,129.9 2 510
github.com/digitorus/pkcs7/pkcs7.go:132.2,132.32 1 510
github.com/digitorus/pkcs7/pkcs7.go:162.2,162.115 1 0
github.com/digitorus/pkcs7/pkcs7.go:124.8,126.3 1 1
github.com/digitorus/pkcs7/pkcs7.go:129.9,131.3 1 0
github.com/digitorus/pkcs7/pkcs7.go:133.22,134.10 1 174
github.com/digitorus/pkcs7/pkcs7.go:148.24,149.10 1 252
github.com/digitorus/pkcs7/pkcs7.go:159.25,160.47 1 84
github.com/digitorus/pkcs7/pkcs7.go:135.11,136.41 1 0
github.com/digitorus/pkcs7/pkcs7.go:137.54,138.41 1 0
github.com/digitorus/pkcs7/pkcs7.go:139.51,140.45 1 3
github.com/digitorus/pkcs7/pkcs7.go:141.53,142.47 1 72
github.com/digitorus/pkcs7/pkcs7.go:143.53,144.47 1 0
github.com/digitorus/pkcs7/pkcs7.go:145.53,146.47 1 99
github.com/digitorus/pkcs7/pkcs7.go:150.51,151.43 1 0
github.com/digitorus/pkcs7/pkcs7.go:152.53,153.45 1 70
github.com/digitorus/pkcs7/pkcs7.go:154.53,155.45 1 70
github.com/digitorus/pkcs7/pkcs7.go:156.53,157.45 1 112
github.com/digitorus/pkcs7/pkcs7.go:166.48,167.20 1 662
github.com/digitorus/pkcs7/pkcs7.go:170.2,172.16 3 662
github.com/digitorus/pkcs7/pkcs7.go:175.2,176.19 2 662
github.com/digitorus/pkcs7/pkcs7.go:180.2,180.16 1 662
github.com/digitorus/pkcs7/pkcs7.go:184.2,184.9 1 662
github.com/digitorus/pkcs7/pkcs7.go:192.2,192.39 1 0
github.com/digitorus/pkcs7/pkcs7.go:167.20,169.3 1 0
github.com/digitorus/pkcs7/pkcs7.go:172.16,174.3 1 0
github.com/digitorus/pkcs7/pkcs7.go:176.19,179.3 2 0
github.com/digitorus/pkcs7/pkcs7.go:180.16,182.3 1 0
github.com/digitorus/pkcs7/pkcs7.go:185.45,186.45 1 644
github.com/digitorus/pkcs7/pkcs7.go:187.48,188.48 1 16
github.com/digitorus/pkcs7/pkcs7.go:189.48,190.48 1 2
github.com/digitorus/pkcs7/pkcs7.go:195.54,197.53 2 16
github.com/digitorus/pkcs7/pkcs7.go:200.2,202.8 1 16
github.com/digitorus/pkcs7/pkcs7.go:197.53,199.3 1 0
github.com/digitorus/pkcs7/pkcs7.go:205.54,207.53 2 2
github.com/digitorus/pkcs7/pkcs7.go:210.2,212.8 1 2
github.com/digitorus/pkcs7/pkcs7.go:207.53,209.3 1 0
github.com/digitorus/pkcs7/pkcs7.go:215.65,216.23 1 644
github.com/digitorus/pkcs7/pkcs7.go:220.2,221.57 2 644
github.com/digitorus/pkcs7/pkcs7.go:225.2,225.42 1 644
github.com/digitorus/pkcs7/pkcs7.go:216.23,218.3 1 0
github.com/digitorus/pkcs7/pkcs7.go:221.57,223.3 1 0
github.com/digitorus/pkcs7/pkcs7.go:228.86,230.2 1 1031
github.com/digitorus/pkcs7/pkcs7.go:245.81,248.2 2 1306
github.com/digitorus/pkcs7/pkcs7.go:257.34,259.2 1 870
github.com/digitorus/pkcs7/pkcs7.go:261.44,263.2 1 1308
github.com/digitorus/pkcs7/pkcs7.go:265.39,267.2 1 438
github.com/digitorus/pkcs7/pkcs7.go:269.49,271.26 2 870
github.com/digitorus/pkcs7/pkcs7.go:274.2,274.14 1 870
github.com/digitorus/pkcs7/pkcs7.go:271.26,273.3 1 1306
github.com/digitorus/pkcs7/pkcs7.go:277.64,279.27 2 870
github.com/digitorus/pkcs7/pkcs7.go:299.2,300.36 2 870
github.com/digitorus/pkcs7/pkcs7.go:279.27,283.17 4 1306
github.com/digitorus/pkcs7/pkcs7.go:286.3,291.17 3 1306
github.com/digitorus/pkcs7/pkcs7.go:294.3,297.4 1 1306
github.com/digitorus/pkcs7/pkcs7.go:283.17,285.4 1 0
github.com/digitorus/pkcs7/pkcs7.go:291.17,293.4 1 0
github.com/digitorus/pkcs7/sign.go:30.54,32.16 2 511
github.com/digitorus/pkcs7/sign.go:35.2,43.80 3 511
github.com/digitorus/pkcs7/sign.go:32.16,34.3 1 0
github.com/digitorus/pkcs7/sign.go:77.59,81.16 2 1000
github.com/digitorus/pkcs7/sign.go:86.2,88.23 3 1000
github.com/digitorus/pkcs7/sign.go:81.16,83.3 1 0
github.com/digitorus/pkcs7/sign.go:103.67,105.2 1 507
github.com/digitorus/pkcs7/sign.go:110.71,112.2 1 0
github.com/digitorus/pkcs7/sign.go:116.111,119.2 2 3
github.com/digitorus/pkcs7/sign.go:129.145,136.23 3 435
github.com/digitorus/pkcs7/sign.go:147.2,151.16 3 435
github.com/digitorus/pkcs7/sign.go:154.2,158.16 5 435
github.com/digitorus/pkcs7/sign.go:161.2,165.52 5 435
github.com/digitorus/pkcs7/sign.go:168.2,169.16 2 435
github.com/digitorus/pkcs7/sign.go:172.2,173.54 2 435
github.com/digitorus/pkcs7/sign.go:176.2,177.16 2 435
github.com/digitorus/pkcs7/sign.go:181.2,182.16 2 435
github.com/digitorus/pkcs7/sign.go:185.2,194.30 2 435
github.com/digitorus/pkcs7/sign.go:200.2,201.12 2 435
github.com/digitorus/pkcs7/sign.go:136.23,139.3 1 3
github.com/digitorus/pkcs7/sign.go:139.8,141.17 2 432
github.com/digitorus/pkcs7/sign.go:145.3,145.67 1 432
github.com/digitorus/pkcs7/sign.go:141.17,143.4 1 0
github.com/digitorus/pkcs7/sign.go:151.16,153.3 1 0
github.com/digitorus/pkcs7/sign.go:158.16,160.3 1 0
github.com/digitorus/pkcs7/sign.go:165.52,167.3 1 1
github.com/digitorus/pkcs7/sign.go:169.16,171.3 1 0
github.com/digitorus/pkcs7/sign.go:173.54,175.3 1 0
github.com/digitorus/pkcs7/sign.go:177.16,179.3 1 0
github.com/digitorus/pkcs7/sign.go:182.16,184.3 1 0
github.com/digitorus/pkcs7/sign.go:194.30,196.23 2 434
github.com/digitorus/pkcs7/sign.go:196.23,198.4 1 432
github.com/digitorus/pkcs7/sign.go:211.117,215.16 4 76
github.com/digitorus/pkcs7/sign.go:218.2,222.36 4 76
github.com/digitorus/pkcs7/sign.go:252.2,256.29 4 76
github.com/digitorus/pkcs7/sign.go:261.2,261.16 1 76
github.com/digitorus/pkcs7/sign.go:264.2,274.12 4 76
github.com/digitorus/pkcs7/sign.go:215.16,217.3 1 0
github.com/digitorus/pkcs7/sign.go:223.23,227.17 2 1
github.com/digitorus/pkcs7/sign.go:230.3,231.17 2 1
github.com/digitorus/pkcs7/sign.go:234.10,236.10 2 75
github.com/digitorus/pkcs7/sign.go:241.3,242.9 2 75
github.com/digitorus/pkcs7/sign.go:227.17,229.4 1 0
github.com/digitorus/pkcs7/sign.go:231.17,233.4 1 0
github.com/digitorus/pkcs7/sign.go:236.10,238.4 1 0
github.com/digitorus/pkcs7/sign.go:242.9,244.4 1 12
github.com/digitorus/pkcs7/sign.go:244.9,246.18 2 63
github.com/digitorus/pkcs7/sign.go:246.18,248.5 1 0
github.com/digitorus/pkcs7/sign.go:256.29,260.3 1 76
github.com/digitorus/pkcs7/sign.go:261.16,263.3 1 0
github.com/digitorus/pkcs7/sign.go:277.90,279.42 2 0
github.com/digitorus/pkcs7/sign.go:282.2,283.16 2 0
github.com/digitorus/pkcs7/sign.go:287.2,289.12 2 0
github.com/digitorus/pkcs7/sign.go:279.42,281.3 1 0
github.com/digitorus/pkcs7/sign.go:283.16,285.3 1 0
github.com/digitorus/pkcs7/sign.go:293.62,295.2 1 0
github.com/digitorus/pkcs7/sign.go:299.73,301.2 1 1
github.com/digitorus/pkcs7/sign.go:305.32,307.2 1 253
github.com/digitorus/pkcs7/sign.go:310.51,312.2 1 1
github.com/digitorus/pkcs7/sign.go:315.48,318.16 3 511
github.com/digitorus/pkcs7/sign.go:321.2,325.28 2 511
github.com/digitorus/pkcs7/sign.go:318.16,320.3 1 0
github.com/digitorus/pkcs7/sign.go:330.55,331.35 1 0
github.com/digitorus/pkcs7/sign.go:331.35,333.3 1 0
github.com/digitorus/pkcs7/sign.go:337.57,338.35 1 0
github.com/digitorus/pkcs7/sign.go:338.35,340.3 1 0
github.com/digitorus/pkcs7/sign.go:347.84,348.23 1 432
github.com/digitorus/pkcs7/sign.go:351.2,352.16 2 432
github.com/digitorus/pkcs7/sign.go:355.2,355.23 1 432
github.com/digitorus/pkcs7/sign.go:359.2,359.52 1 0
github.com/digitorus/pkcs7/sign.go:348.23,350.3 1 0
github.com/digitorus/pkcs7/sign.go:352.16,354.3 1 0
github.com/digitorus/pkcs7/sign.go:355.23,358.3 1 432
github.com/digitorus/pkcs7/sign.go:362.76,370.2 4 15
github.com/digitorus/pkcs7/sign.go:373.104,375.16 2 435
github.com/digitorus/pkcs7/sign.go:378.2,384.36 4 435
github.com/digitorus/pkcs7/sign.go:393.2,394.9 2 435
github.com/digitorus/pkcs7/sign.go:399.2,400.8 2 435
github.com/digitorus/pkcs7/sign.go:404.2,404.50 1 363
github.com/digitorus/pkcs7/sign.go:375.16,377.3 1 0
github.com/digitorus/pkcs7/sign.go:385.23,387.17 2 0
github.com/digitorus/pkcs7/sign.go:390.3,390.42 1 0
github.com/digitorus/pkcs7/sign.go:387.17,389.4 1 0
github.com/digitorus/pkcs7/sign.go:394.9,396.3 1 0
github.com/digitorus/pkcs7/sign.go:400.8,402.3 1 72
github.com/digitorus/pkcs7/sign.go:412.69,414.29 2 511
github.com/digitorus/pkcs7/sign.go:417.2,418.17 2 511
github.com/digitorus/pkcs7/sign.go:414.29,416.3 1 942
github.com/digitorus/pkcs7/sign.go:424.69,427.16 3 512
github.com/digitorus/pkcs7/sign.go:430.2,430.37 1 512
github.com/digitorus/pkcs7/sign.go:427.16,429.3 1 0
github.com/digitorus/pkcs7/sign.go:435.57,437.16 2 1
github.com/digitorus/pkcs7/sign.go:440.2,448.16 4 1
github.com/digitorus/pkcs7/sign.go:451.2,455.36 2 1
github.com/digitorus/pkcs7/sign.go:437.16,439.3 1 0
github.com/digitorus/pkcs7/sign.go:448.16,450.3 1 0
github.com/digitorus/pkcs7/verify.go:22.53,24.2 1 0
github.com/digitorus/pkcs7/verify.go:34.51,39.2 1 0
github.com/digitorus/pkcs7/verify.go:49.39,51.2 1 3
github.com/digitorus/pkcs7/verify.go:60.73,63.2 2 633
github.com/digitorus/pkcs7/verify.go:71.102,72.26 1 636
github.com/digitorus/pkcs7/verify.go:75.2,75.36 1 636
github.com/digitorus/pkcs7/verify.go:85.2,85.12 1 633
github.com/digitorus/pkcs7/verify.go:72.26,74.3 1 0
github.com/digitorus/pkcs7/verify.go:75.36,77.16 2 636
github.com/digitorus/pkcs7/verify.go:81.3,81.82 1 636
github.com/digitorus/pkcs7/verify.go:77.16,79.4 1 0
github.com/digitorus/pkcs7/verify.go:81.82,83.4 1 3
github.com/digitorus/pkcs7/verify.go:88.117,89.26 1 0
github.com/digitorus/pkcs7/verify.go:92.2,92.21 1 0
github.com/digitorus/pkcs7/verify.go:109.2,109.36 1 0
github.com/digitorus/pkcs7/verify.go:120.2,120.12 1 0
github.com/digitorus/pkcs7/verify.go:89.26,91.3 1 0
github.com/digitorus/pkcs7/verify.go:92.21,93.15 1 0
github.com/digitorus/pkcs7/verify.go:99.3,99.37 1 0
github.com/digitorus/pkcs7/verify.go:93.15,95.18 2 0
github.com/digitorus/pkcs7/verify.go:95.18,97.5 1 0
github.com/digitorus/pkcs7/verify.go:99.37,100.78 1 0
github.com/digitorus/pkcs7/verify.go:103.4,104.97 2 0
github.com/digitorus/pkcs7/verify.go:100.78,102.5 1 0
github.com/digitorus/pkcs7/verify.go:104.97,106.5 1 0
github.com/digitorus/pkcs7/verify.go:109.36,111.16 2 0
github.com/digitorus/pkcs7/verify.go:115.3,116.90 2 0
github.com/digitorus/pkcs7/verify.go:111.16,113.4 1 0
github.com/digitorus/pkcs7/verify.go:116.90,118.4 1 0
github.com/digitorus/pkcs7/verify.go:123.76,125.39 2 0
github.com/digitorus/pkcs7/verify.go:130.2,130.12 1 0
github.com/digitorus/pkcs7/verify.go:133.2,133.12 1 0
github.com/digitorus/pkcs7/verify.go:125.39,126.25 1 0
github.com/digitorus/pkcs7/verify.go:126.25,128.4 1 0
github.com/digitorus/pkcs7/verify.go:130.12,132.3 1 0
github.com/digitorus/pkcs7/verify.go:136.136,138.16 2 637
github.com/digitorus/pkcs7/verify.go:142.2,143.47 2 637
github.com/digitorus/pkcs7/verify.go:146.2,150.23 2 637
github.com/digitorus/pkcs7/verify.go:156.2,157.16 2 634
github.com/digitorus/pkcs7/verify.go:160.2,160.70 1 634
github.com/digitorus/pkcs7/verify.go:138.16,140.3 1 0
github.com/digitorus/pkcs7/verify.go:143.47,145.3 1 1200
github.com/digitorus/pkcs7/verify.go:150.23,152.17 2 634
github.com/digitorus/pkcs7/verify.go:152.17,154.4 1 3
github.com/digitorus/pkcs7/verify.go:157.16,159.3 1 0
github.com/digitorus/pkcs7/verify.go:163.139,165.16 2 3
github.com/digitorus/pkcs7/verify.go:168.2,168.54 1 3
github.com/digitorus/pkcs7/verify.go:174.2,175.16 2 2
github.com/digitorus/pkcs7/verify.go:178.2,178.70 1 2
github.com/digitorus/pkcs7/verify.go:165.16,167.3 1 0
github.com/digitorus/pkcs7/verify.go:168.54,170.17 2 3
github.com/digitorus/pkcs7/verify.go:170.17,172.4 1 1
github.com/digitorus/pkcs7/verify.go:175.16,177.3 1 0
github.com/digitorus/pkcs7/verify.go:181.98,182.46 1 646
github.com/digitorus/pkcs7/verify.go:187.2,189.16 3 568
github.com/digitorus/pkcs7/verify.go:192.2,193.16 2 567
github.com/digitorus/pkcs7/verify.go:196.2,199.55 4 566
github.com/digitorus/pkcs7/verify.go:205.2,206.16 2 565
github.com/digitorus/pkcs7/verify.go:210.2,212.16 3 565
github.com/digitorus/pkcs7/verify.go:217.2,217.72 1 565
github.com/digitorus/pkcs7/verify.go:224.2,224.24 1 565
github.com/digitorus/pkcs7/verify.go:182.46,184.3 1 78
github.com/digitorus/pkcs7/verify.go:189.16,191.3 1 1
github.com/digitorus/pkcs7/verify.go:193.16,195.3 1 1
github.com/digitorus/pkcs7/verify.go:199.55,204.3 1 1
github.com/digitorus/pkcs7/verify.go:206.16,208.3 1 0
github.com/digitorus/pkcs7/verify.go:212.16,214.3 1 0
github.com/digitorus/pkcs7/verify.go:217.72,223.3 1 0
github.com/digitorus/pkcs7/verify.go:229.52,230.26 1 0
github.com/digitorus/pkcs7/verify.go:233.2,234.89 2 0
github.com/digitorus/pkcs7/verify.go:230.26,232.3 1 0
github.com/digitorus/pkcs7/verify.go:238.103,240.9 2 1
github.com/digitorus/pkcs7/verify.go:243.2,243.29 1 1
github.com/digitorus/pkcs7/verify.go:246.2,247.59 2 1
github.com/digitorus/pkcs7/verify.go:240.9,242.3 1 0
github.com/digitorus/pkcs7/verify.go:243.29,245.3 1 0
github.com/digitorus/pkcs7/verify.go:250.51,254.16 4 644
github.com/digitorus/pkcs7/verify.go:258.2,262.43 3 644
github.com/digitorus/pkcs7/verify.go:268.2,268.25 1 644
github.com/digitorus/pkcs7/verify.go:280.2,285.25 1 644
github.com/digitorus/pkcs7/verify.go:254.16,256.3 1 0
github.com/digitorus/pkcs7/verify.go:262.43,263.84 1 387
github.com/digitorus/pkcs7/verify.go:263.84,265.4 1 0
github.com/digitorus/pkcs7/verify.go:268.25,269.24 1 0
github.com/digitorus/pkcs7/verify.go:269.24,270.69 1 0
github.com/digitorus/pkcs7/verify.go:270.69,272.5 1 0
github.com/digitorus/pkcs7/verify.go:273.9,275.4 1 0
github.com/digitorus/pkcs7/verify.go:276.8,279.3 1 644
github.com/digitorus/pkcs7/verify.go:293.126,301.16 3 763
github.com/digitorus/pkcs7/verify.go:304.2,304.8 1 759
github.com/digitorus/pkcs7/verify.go:301.16,303.3 1 4
github.com/digitorus/pkcs7/verify.go:307.112,308.9 1 636
github.com/digitorus/pkcs7/verify.go:309.69,310.33 1 75
github.com/digitorus/pkcs7/verify.go:311.71,312.35 1 70
github.com/digitorus/pkcs7/verify.go:313.71,314.35 1 70
github.com/digitorus/pkcs7/verify.go:315.71,316.35 1 113
github.com/digitorus/pkcs7/verify.go:321.69,322.10 1 224
github.com/digitorus/pkcs7/verify.go:336.63,337.10 1 0
github.com/digitorus/pkcs7/verify.go:348.69,349.10 1 0
github.com/digitorus/pkcs7/verify.go:362.74,363.31 1 84
github.com/digitorus/pkcs7/verify.go:364.10,366.40 1 0
github.com/digitorus/pkcs7/verify.go:323.55,324.32 1 4
github.com/digitorus/pkcs7/verify.go:325.57,326.34 1 121
github.com/digitorus/pkcs7/verify.go:327.57,328.34 1 0
github.com/digitorus/pkcs7/verify.go:329.57,330.34 1 99
github.com/digitorus/pkcs7/verify.go:331.11,333.68 1 0
github.com/digitorus/pkcs7/verify.go:338.55,339.32 1 0
github.com/digitorus/pkcs7/verify.go:340.57,341.34 1 0
github.com/digitorus/pkcs7/verify.go:342.11,344.68 1 0
github.com/digitorus/pkcs7/verify.go:350.55,351.34 1 0
github.com/digitorus/pkcs7/verify.go:352.57,353.36 1 0
github.com/digitorus/pkcs7/verify.go:354.57,355.36 1 0
github.com/digitorus/pkcs7/verify.go:356.57,357.36 1 0
github.com/digitorus/pkcs7/verify.go:358.11,360.68 1 0
github.com/digitorus/pkcs7/verify.go:370.106,371.29 1 765
github.com/digitorus/pkcs7/verify.go:376.2,376.12 1 0
github.com/digitorus/pkcs7/verify.go:371.29,372.47 1 1015
github.com/digitorus/pkcs7/verify.go:372.47,374.4 1 765
github.com/digitorus/pkcs7/verify.go:379.104,380.29 1 1134
github.com/digitorus/pkcs7/verify.go:386.2,386.33 1 1
github.com/digitorus/pkcs7/verify.go:380.29,381.37 1 2833
github.com/digitorus/pkcs7/verify.go:381.37,384.4 2 1133
github.com/digitorus/pkcs7/verify_test_dsa.go:14.34,17.16 3 0
github.com/digitorus/pkcs7/verify_test_dsa.go:20.2,21.36 2 0
github.com/digitorus/pkcs7/verify_test_dsa.go:17.16,19.3 1 0
github.com/digitorus/pkcs7/verify_test_dsa.go:21.36,23.3 1 0
github.com/digitorus/pkcs7/verify_test_dsa.go:65.52,72.16 3 0
github.com/digitorus/pkcs7/verify_test_dsa.go:75.2,79.16 3 0
github.com/digitorus/pkcs7/verify_test_dsa.go:82.2,86.16 3 0
github.com/digitorus/pkcs7/verify_test_dsa.go:89.2,92.16 3 0
github.com/digitorus/pkcs7/verify_test_dsa.go:96.2,101.16 3 0
github.com/digitorus/pkcs7/verify_test_dsa.go:106.2,107.16 2 0
github.com/digitorus/pkcs7/verify_test_dsa.go:111.2,112.21 2 0
github.com/digitorus/pkcs7/verify_test_dsa.go:115.2,116.16 2 0
github.com/digitorus/pkcs7/verify_test_dsa.go:119.2,119.36 1 0
github.com/digitorus/pkcs7/verify_test_dsa.go:122.2,124.34 3 0
github.com/digitorus/pkcs7/verify_test_dsa.go:72.16,74.3 1 0
github.com/digitorus/pkcs7/verify_test_dsa.go:79.16,81.3 1 0
github.com/digitorus/pkcs7/verify_test_dsa.go:86.16,88.3 1 0
github.com/digitorus/pkcs7/verify_test_dsa.go:92.16,94.3 1 0
github.com/digitorus/pkcs7/verify_test_dsa.go:101.16,103.3 1 0
github.com/digitorus/pkcs7/verify_test_dsa.go:107.16,109.3 1 0
github.com/digitorus/pkcs7/verify_test_dsa.go:112.21,114.3 1 0
github.com/digitorus/pkcs7/verify_test_dsa.go:116.16,118.3 1 0
github.com/digitorus/pkcs7/verify_test_dsa.go:119.36,121.3 1 0
github.com/digitorus/pkcs7/verify_test_dsa.go:163.66,167.6 4 0
github.com/digitorus/pkcs7/verify_test_dsa.go:180.2,180.15 1 0
github.com/digitorus/pkcs7/verify_test_dsa.go:167.6,169.22 2 0
github.com/digitorus/pkcs7/verify_test_dsa.go:172.3,172.24 1 0
github.com/digitorus/pkcs7/verify_test_dsa.go:169.22,170.9 1 0
github.com/digitorus/pkcs7/verify_test_dsa.go:173.16,174.33 1 0
github.com/digitorus/pkcs7/verify_test_dsa.go:175.22,176.65 1 0
github.com/digitorus/pkcs7/ber.go:19.59,23.32 3 46494
github.com/digitorus/pkcs7/ber.go:29.2,33.12 5 46494
github.com/digitorus/pkcs7/ber.go:23.32,25.17 2 94405
github.com/digitorus/pkcs7/ber.go:25.17,27.4 1 0
github.com/digitorus/pkcs7/ber.go:42.58,44.16 2 48578
github.com/digitorus/pkcs7/ber.go:47.2,47.51 1 48578
github.com/digitorus/pkcs7/ber.go:52.2,54.12 2 48578
github.com/digitorus/pkcs7/ber.go:44.16,46.3 1 0
github.com/digitorus/pkcs7/ber.go:47.51,49.3 1 0
github.com/digitorus/pkcs7/ber.go:57.42,58.19 1 674
github.com/digitorus/pkcs7/ber.go:62.2,65.16 3 674
github.com/digitorus/pkcs7/ber.go:68.2,74.25 2 667
github.com/digitorus/pkcs7/ber.go:58.19,60.3 1 0
github.com/digitorus/pkcs7/ber.go:65.16,67.3 1 7
github.com/digitorus/pkcs7/ber.go:78.62,81.19 2 9390
github.com/digitorus/pkcs7/ber.go:88.2,88.12 1 9390
github.com/digitorus/pkcs7/ber.go:81.19,83.17 2 17317
github.com/digitorus/pkcs7/ber.go:83.17,85.4 1 0
github.com/digitorus/pkcs7/ber.go:92.41,94.14 2 18780
github.com/digitorus/pkcs7/ber.go:98.2,98.8 1 18780
github.com/digitorus/pkcs7/ber.go:94.14,97.3 2 15854
github.com/digitorus/pkcs7/ber.go:115.62,116.19 1 95072
github.com/digitorus/pkcs7/ber.go:132.2,132.8 1 95072
github.com/digitorus/pkcs7/ber.go:116.19,119.17 3 9390
github.com/digitorus/pkcs7/ber.go:122.3,123.17 2 9390
github.com/digitorus/pkcs7/ber.go:119.17,121.4 1 0
github.com/digitorus/pkcs7/ber.go:123.17,125.4 1 0
github.com/digitorus/pkcs7/ber.go:126.8,128.17 2 85682
github.com/digitorus/pkcs7/ber.go:128.17,130.4 1 0
github.com/digitorus/pkcs7/ber.go:135.66,137.22 2 95081
github.com/digitorus/pkcs7/ber.go:140.2,143.22 4 95081
github.com/digitorus/pkcs7/ber.go:146.2,147.17 2 95080
github.com/digitorus/pkcs7/ber.go:163.2,166.15 3 95080
github.com/digitorus/pkcs7/ber.go:172.2,175.21 4 95080
github.com/digitorus/pkcs7/ber.go:178.2,179.14 2 95080
github.com/digitorus/pkcs7/ber.go:204.2,204.16 1 95077
github.com/digitorus/pkcs7/ber.go:208.2,209.27 2 95077
github.com/digitorus/pkcs7/ber.go:212.2,216.29 5 95075
github.com/digitorus/pkcs7/ber.go:219.2,219.15 1 95075
github.com/digitorus/pkcs7/ber.go:254.2,254.16 1 95073
github.com/digitorus/pkcs7/ber.go:258.2,258.29 1 95073
github.com/digitorus/pkcs7/ber.go:137.22,139.3 1 0
github.com/digitorus/pkcs7/ber.go:143.22,145.3 1 1
github.com/digitorus/pkcs7/ber.go:147.17,149.27 2 0
github.com/digitorus/pkcs7/ber.go:158.3,159.22 2 0
github.com/digitorus/pkcs7/ber.go:149.27,152.23 3 0
github.com/digitorus/pkcs7/ber.go:152.23,154.5 1 0
github.com/digitorus/pkcs7/ber.go:159.22,161.4 1 0
github.com/digitorus/pkcs7/ber.go:166.15,168.3 1 48580
github.com/digitorus/pkcs7/ber.go:168.8,170.3 1 46500
github.com/digitorus/pkcs7/ber.go:175.21,177.3 1 0
github.com/digitorus/pkcs7/ber.go:179.14,181.24 2 9386
github.com/digitorus/pkcs7/ber.go:184.3,184.54 1 9385
github.com/digitorus/pkcs7/ber.go:187.3,187.32 1 9384
github.com/digitorus/pkcs7/ber.go:190.3,192.38 3 9383
github.com/digitorus/pkcs7/ber.go:181.24,183.4 1 1
github.com/digitorus/pkcs7/ber.go:184.54,186.4 1 1
github.com/digitorus/pkcs7/ber.go:187.32,189.4 1 1
github.com/digitorus/pkcs7/ber.go:192.38,195.23 3 17303
github.com/digitorus/pkcs7/ber.go:195.23,197.5 1 0
github.com/digitorus/pkcs7/ber.go:199.8,199.22 1 85694
github.com/digitorus/pkcs7/ber.go:199.22,201.3 1 13
github.com/digitorus/pkcs7/ber.go:201.8,203.3 1 85681
github.com/digitorus/pkcs7/ber.go:204.16,206.3 1 0
github.com/digitorus/pkcs7/ber.go:209.27,211.3 1 2
github.com/digitorus/pkcs7/ber.go:216.29,218.3 1 0
github.com/digitorus/pkcs7/ber.go:219.15,225.3 1 48579
github.com/digitorus/pkcs7/ber.go:225.8,227.43 2 46496
github.com/digitorus/pkcs7/ber.go:247.3,250.4 1 46494
github.com/digitorus/pkcs7/ber.go:227.43,231.18 4 94407
github.com/digitorus/pkcs7/ber.go:234.4,236.18 2 94406
github.com/digitorus/pkcs7/ber.go:231.18,233.5 1 1
github.com/digitorus/pkcs7/ber.go:236.18,238.19 2 19
github.com/digitorus/pkcs7/ber.go:242.5,242.19 1 18
github.com/digitorus/pkcs7/ber.go:238.19,240.6 1 1
github.com/digitorus/pkcs7/ber.go:242.19,243.11 1 11
github.com/digitorus/pkcs7/ber.go:254.16,256.3 1 11
github.com/digitorus/pkcs7/ber.go:261.68,262.27 1 19
github.com/digitorus/pkcs7/ber.go:266.2,266.62 1 18
github.com/digitorus/pkcs7/ber.go:262.27,264.3 1 1
github.com/digitorus/pkcs7/ber.go:269.51,271.2 0 399071
